2026-03-07T23:48:44Z | --ingesting------------------ 
2026-03-07T23:48:44Z | sampling using percentile 
2026-03-07T23:48:44Z | number of bands: 1 
2026-03-07T23:48:44Z | number of samples: 2048 
2026-03-07T23:48:44Z | number of tiles: 4118 
2026-03-07T23:48:53Z | -1 | keyboard interrupt 
2026-03-07T23:48:53Z | 130 
2026-03-07T23:54:22Z | --ingesting------------------ 
2026-03-07T23:54:22Z | sampling using percentile 
2026-03-07T23:54:22Z | number of bands: 1 
2026-03-07T23:54:22Z | number of samples: 2048 
2026-03-07T23:54:22Z | number of tiles: 4118 
2026-03-07T23:54:31Z | -1 | keyboard interrupt 
2026-03-07T23:54:31Z | 130 
2026-03-07T23:55:26Z | --ingesting------------------ 
2026-03-07T23:55:26Z | sampling using percentile 
2026-03-07T23:55:26Z | number of bands: 1 
2026-03-07T23:55:26Z | number of samples: 2048 
2026-03-07T23:55:26Z | number of tiles: 4118 
2026-03-07T23:55:35Z | -1 | keyboard interrupt 
2026-03-07T23:55:35Z | 130 
2026-03-07T23:55:50Z | --ingesting------------------ 
2026-03-07T23:55:50Z | sampling using percentile 
2026-03-07T23:55:50Z | number of bands: 1 
2026-03-07T23:55:50Z | number of samples: 2048 
2026-03-07T23:55:50Z | number of tiles: 4118 
2026-03-07T23:56:06Z | sampling using percentile 
2026-03-07T23:56:06Z | number of bands: 4 
2026-03-07T23:56:06Z | number of samples: 2048 
2026-03-07T23:56:06Z | number of tiles: 1054 
2026-03-07T23:56:30Z | sampling using percentile 
2026-03-07T23:56:30Z | number of bands: 1 
2026-03-07T23:56:30Z | number of samples: 2048 
2026-03-07T23:56:30Z | number of tiles: 4118 
2026-03-07T23:56:46Z | sampling using percentile 
2026-03-07T23:56:46Z | number of bands: 1 
2026-03-07T23:56:46Z | number of samples: 2048 
2026-03-07T23:56:46Z | number of tiles: 255 
2026-03-07T23:56:48Z | sampling using percentile 
2026-03-07T23:56:48Z | number of bands: 8 
2026-03-07T23:56:48Z | number of samples: 2048 
2026-03-07T23:56:48Z | number of tiles: 16614 
2026-03-07T23:57:43Z | 130 
2026-03-07T23:57:51Z | --ingesting------------------ 
2026-03-07T23:57:51Z | sampling using percentile 
2026-03-07T23:57:51Z | number of bands: 1 
2026-03-07T23:57:51Z | number of samples: 2048 
2026-03-07T23:57:51Z | number of tiles: 4118 
2026-03-07T23:58:07Z | sampling using percentile 
2026-03-07T23:58:07Z | number of bands: 4 
2026-03-07T23:58:07Z | number of samples: 2048 
2026-03-07T23:58:07Z | number of tiles: 1054 
2026-03-07T23:58:09Z | 130 
2026-03-08T00:01:36Z | --ingesting------------------ 
2026-03-08T00:01:36Z | sampling using percentile 
2026-03-08T00:01:36Z | number of bands: 1 
2026-03-08T00:01:36Z | number of samples: 2048 
2026-03-08T00:01:36Z | number of tiles: 4118 
2026-03-08T00:01:52Z | sampling using percentile 
2026-03-08T00:01:52Z | number of bands: 4 
2026-03-08T00:01:52Z | number of samples: 2048 
2026-03-08T00:01:52Z | number of tiles: 1054 
2026-03-08T00:02:16Z | sampling using percentile 
2026-03-08T00:02:16Z | number of bands: 1 
2026-03-08T00:02:16Z | number of samples: 2048 
2026-03-08T00:02:16Z | number of tiles: 4118 
2026-03-08T00:02:32Z | sampling using percentile 
2026-03-08T00:02:32Z | number of bands: 1 
2026-03-08T00:02:32Z | number of samples: 2048 
2026-03-08T00:02:32Z | number of tiles: 255 
2026-03-08T00:02:34Z | sampling using percentile 
2026-03-08T00:02:34Z | number of bands: 8 
2026-03-08T00:02:34Z | number of samples: 2048 
2026-03-08T00:02:34Z | number of tiles: 16614 
2026-03-08T00:09:49Z | -1 | keyboard interrupt 
2026-03-08T00:09:49Z | 130 
2026-03-10T17:03:09Z | --scan-------------------------------------------------------- 
2026-03-10T17:03:09Z | directory /home/rhea scanned as root 
2026-03-10T17:03:09Z | 0 
